<?xml version="1.0" encoding="UTF-8"?>
<!-- Generated by org.testng.reporters.JUnitXMLReporter -->
<testsuite ignored="0" hostname="LenovoIdeaPad" failures="0" tests="3" name="POMframework for New Arrivals " time="19.62" errors="0" timestamp="2023-12-12T17:54:59 IST">
  <testcase classname="tests.NewArrivalsPageTest" name="test_login" time="4.18"/>
  <testcase classname="tests.NewArrivalsPageTest" name="selectpaper" time="5.049"/>
  <testcase classname="tests.NewArrivalsPageTest" name="Select_Book" time="6.759"/>
</testsuite> <!-- POMframework for New Arrivals  -->
