<?xml version="1.0" encoding="UTF-8"?>
<!-- Generated by org.testng.reporters.JUnitXMLReporter -->
<testsuite ignored="0" hostname="LenovoIdeaPad" failures="0" tests="3" name="POMframework for Award Winners" time="16.013" errors="0" timestamp="2023-12-12T17:54:09 IST">
  <testcase classname="tests.AwardWinnersPageTest" name="test_login" time="4.17"/>
  <testcase classname="tests.AwardWinnersPageTest" name="click_AwardWinner" time="1.024"/>
  <testcase classname="tests.AwardWinnersPageTest" name="click_book" time="6.819"/>
</testsuite> <!-- POMframework for Award Winners -->
