<?xml version="1.0" encoding="UTF-8"?>
<!-- Generated by org.testng.reporters.JUnitXMLReporter -->
<testsuite ignored="0" hostname="LenovoIdeaPad" failures="0" tests="4" name="POMframework for FictionBooksTest" time="17.555" errors="0" timestamp="2023-12-08T22:25:56 IST">
  <testcase classname="tests.FictionBooksTest" name="test_login" time="3.521"/>
  <testcase classname="tests.FictionBooksTest" name="FictionBooksclick" time="6.819"/>
  <testcase classname="tests.FictionBooksTest" name="book1_click" time="2.293"/>
  <testcase classname="tests.FictionBooksTest" name="buynow_click" time="1.962"/>
</testsuite> <!-- POMframework for FictionBooksTest -->
