<?xml version="1.0" encoding="UTF-8"?>
<!-- Generated by org.testng.reporters.JUnitXMLReporter -->
<testsuite ignored="0" hostname="LenovoIdeaPad" failures="2" tests="5" name="POMframework for Login" time="27.038" errors="0" timestamp="2023-12-12T17:52:17 IST">
  <testcase classname="tests.LoginPageTest" name="Test_LoginLink" time="3.296"/>
  <testcase classname="tests.LoginPageTest" name="Test_Logo" time="0.887"/>
  <testcase classname="tests.LoginPageTest" name="test_login" time="3.962">
    <failure type="java.lang.AssertionError" message="did not expect [My Account] but found [My Account]">
      <![CDATA[java.lang.AssertionError: did not expect [My Account] but found [My Account]
at tests.LoginPageTest.test_login(LoginPageTest.java:62)
at java.base/java.util.ArrayList.forEach(ArrayList.java:1511)
... Removed 32 stack frames]]>
    </failure>
  </testcase> <!-- test_login -->
  <testcase classname="tests.LoginPageTest" name="test_login" time="5.193"/>
  <testcase classname="tests.LoginPageTest" name="test_login" time="4.688">
    <failure type="java.lang.AssertionError" message="did not expect [My Account] but found [My Account]">
      <![CDATA[java.lang.AssertionError: did not expect [My Account] but found [My Account]
at tests.LoginPageTest.test_login(LoginPageTest.java:62)
at java.base/java.util.ArrayList.forEach(ArrayList.java:1511)
... Removed 32 stack frames]]>
    </failure>
  </testcase> <!-- test_login -->
</testsuite> <!-- POMframework for Login -->
