<?xml version="1.0" encoding="UTF-8"?>
<!-- Generated by org.testng.reporters.JUnitXMLReporter -->
<testsuite ignored="0" hostname="LenovoIdeaPad" failures="0" tests="3" name="POMframework for Box Sets " time="17.9" errors="0" timestamp="2023-12-12T17:54:39 IST">
  <testcase classname="tests.BoxSetsPageTest" name="test_login" time="6.903"/>
  <testcase classname="tests.BoxSetsPageTest" name="clickboxsets" time="1.673"/>
  <testcase classname="tests.BoxSetsPageTest" name="clickbook1" time="4.551"/>
</testsuite> <!-- POMframework for Box Sets  -->
