<?xml version="1.0" encoding="UTF-8"?>
<!-- Generated by org.testng.reporters.JUnitXMLReporter -->
<testsuite ignored="0" hostname="LenovoIdeaPad" failures="1" tests="2" name="POMframework" time="8.94" errors="0" timestamp="2023-12-08T11:14:58 IST">
  <testcase classname="tests.LoginPageTest" name="test_login" time="3.788"/>
  <testcase classname="tests.FictionBooksTest" name="FictionBooksclick" time="0.008">
    <failure type="java.lang.NullPointerException" message="Cannot invoke &amp;quot;pages.HomePage.click_fiction()&amp;quot; because &amp;quot;this.hp&amp;quot; is null">
      <![CDATA[java.lang.NullPointerException: Cannot invoke "pages.HomePage.click_fiction()" because "this.hp" is null
at tests.FictionBooksTest.FictionBooksclick(FictionBooksTest.java:19)
at java.base/java.util.ArrayList.forEach(ArrayList.java:1511)
... Removed 27 stack frames]]>
    </failure>
  </testcase> <!-- FictionBooksclick -->
</testsuite> <!-- POMframework -->
