<?xml version="1.0" encoding="UTF-8"?>
<!-- Generated by org.testng.reporters.JUnitXMLReporter -->
<testsuite ignored="0" hostname="LenovoIdeaPad" failures="0" tests="3" name="POMframework for Best Sellers " time="12.426" errors="0" timestamp="2023-12-12T17:54:21 IST">
  <testcase classname="tests.BestSellersPageTest" name="test_login" time="4.594"/>
  <testcase classname="tests.BestSellersPageTest" name="click_BestSellers" time="1.07"/>
  <testcase classname="tests.BestSellersPageTest" name="click_book" time="3.128"/>
</testsuite> <!-- POMframework for Best Sellers  -->
