<?xml version="1.0" encoding="UTF-8"?>
<!-- Generated by org.testng.reporters.JUnitXMLReporter -->
<testsuite ignored="0" hostname="LenovoIdeaPad" failures="3" tests="4" name="POMframework for Request a Book" time="40.329" errors="0" timestamp="2023-12-12T17:53:53 IST">
  <testcase classname="tests.RequestABookTest" name="test_login" time="4.522"/>
  <testcase classname="tests.RequestABookTest" name="requestbook" time="7.007">
    <failure type="java.lang.AssertionError" message="Book Already Requested did not expect [You have requested for this book before.] but found [You have requested for this book before.]">
      <![CDATA[java.lang.AssertionError: Book Already Requested did not expect [You have requested for this book before.] but found [You have requested for this book before.]
at tests.RequestABookTest.requestbook(RequestABookTest.java:75)
at java.base/java.util.ArrayList.forEach(ArrayList.java:1511)
... Removed 31 stack frames]]>
    </failure>
  </testcase> <!-- requestbook -->
  <testcase classname="tests.RequestABookTest" name="requestbook" time="7.17">
    <failure type="java.lang.AssertionError" message="Book Already Requested did not expect [You have requested for this book before.] but found [You have requested for this book before.]">
      <![CDATA[java.lang.AssertionError: Book Already Requested did not expect [You have requested for this book before.] but found [You have requested for this book before.]
at tests.RequestABookTest.requestbook(RequestABookTest.java:75)
at java.base/java.util.ArrayList.forEach(ArrayList.java:1511)
... Removed 31 stack frames]]>
    </failure>
  </testcase> <!-- requestbook -->
  <testcase classname="tests.RequestABookTest" name="requestbook" time="7.349">
    <failure type="java.lang.AssertionError" message="Book Already Requested did not expect [You have requested for this book before.] but found [You have requested for this book before.]">
      <![CDATA[java.lang.AssertionError: Book Already Requested did not expect [You have requested for this book before.] but found [You have requested for this book before.]
at tests.RequestABookTest.requestbook(RequestABookTest.java:75)
at java.base/java.util.ArrayList.forEach(ArrayList.java:1511)
... Removed 31 stack frames]]>
    </failure>
  </testcase> <!-- requestbook -->
</testsuite> <!-- POMframework for Request a Book -->
