<?xml version="1.0" encoding="UTF-8"?>
<!-- Generated by org.testng.reporters.JUnitXMLReporter -->
<testsuite ignored="0" hostname="LenovoIdeaPad" failures="1" tests="4" name="POMframework for Fiction Books" time="27.288" errors="0" timestamp="2023-12-12T17:52:44 IST">
  <testcase classname="tests.FictionBooksTest" name="test_login" time="4.552"/>
  <testcase classname="tests.FictionBooksTest" name="ClickFiction_CheckTitle" time="10.15">
    <failure type="java.lang.AssertionError" message="Title is Same expected [Online BookStore India, Buy Books Online, Buy Book Online India - Bookswagon.com] but found [Fiction Books]">
      <![CDATA[java.lang.AssertionError: Title is Same expected [Online BookStore India, Buy Books Online, Buy Book Online India - Bookswagon.com] but found [Fiction Books]
at tests.FictionBooksTest.ClickFiction_CheckTitle(FictionBooksTest.java:79)
at java.base/java.util.ArrayList.forEach(ArrayList.java:1511)
... Removed 32 stack frames]]>
    </failure>
  </testcase> <!-- ClickFiction_CheckTitle -->
  <testcase classname="tests.FictionBooksTest" name="book_click" time="4.175"/>
  <testcase classname="tests.FictionBooksTest" name="buynow_click" time="4.146"/>
</testsuite> <!-- POMframework for Fiction Books -->
