<?xml version="1.0" encoding="UTF-8"?>
<!-- Generated by org.testng.reporters.JUnitXMLReporter -->
<testsuite ignored="0" hostname="LenovoIdeaPad" failures="1" tests="2" name="POMframework for Search Books" time="11.394" errors="0" timestamp="2023-12-11T13:03:34 IST">
  <testcase classname="tests.SearchPageTest" name="search" time="6.201"/>
  <testcase classname="tests.SearchPageTest" name="search" time="0.932">
    <failure type="java.lang.AssertionError" message="Assert not same search item expected [Beyond The Story: 10-Year Record of BTS] but found [BTS BOOK]">
      <![CDATA[java.lang.AssertionError: Assert not same search item expected [Beyond The Story: 10-Year Record of BTS] but found [BTS BOOK]
at tests.SearchPageTest.search(SearchPageTest.java:55)
at java.base/java.util.ArrayList.forEach(ArrayList.java:1511)
... Removed 32 stack frames]]>
    </failure>
  </testcase> <!-- search -->
</testsuite> <!-- POMframework for Search Books -->
