<?xml version="1.0" encoding="UTF-8"?>
<!-- Generated by org.testng.reporters.JUnitXMLReporter -->
<testsuite ignored="0" hostname="LenovoIdeaPad" failures="1" tests="4" name="POMframework for Todays Deal And Search Bar" time="28.443" errors="0" timestamp="2023-12-12T17:53:13 IST">
  <testcase classname="tests.TodaysDealPageTest" name="test_login" time="4.088"/>
  <testcase classname="tests.TodaysDealPageTest" name="dealstoday" time="10.559"/>
  <testcase classname="tests.TodaysDealPageTest" name="search" time="5.265"/>
  <testcase classname="tests.TodaysDealPageTest" name="search" time="2.869">
    <failure type="java.lang.AssertionError" message="Assert not same search item expected [Beyond The Story: 10-Year Record of BTS] but found [BTS BOOK]">
      <![CDATA[java.lang.AssertionError: Assert not same search item expected [Beyond The Story: 10-Year Record of BTS] but found [BTS BOOK]
at tests.TodaysDealPageTest.search(TodaysDealPageTest.java:68)
at java.base/java.util.ArrayList.forEach(ArrayList.java:1511)
... Removed 32 stack frames]]>
    </failure>
  </testcase> <!-- search -->
</testsuite> <!-- POMframework for Todays Deal And Search Bar -->
